create prototype UI
create database
create servlets


TODO build and pass test code for every method
TODO get duration of videos when added (or viewed?)
TODO copy link to clipboard
TODO make available vidmins.com/watch?v=<youTubeId>
TODO create an account
TODO verify email
TODO import a youtube channel, playlist, or video and begin as a guest user
TODO import all videos linked from a public page
TODO create minimal directory structure to allow users to sort videos by kind
TODO allow user to edit notes
TODO create a link to a note (ie. vidmins.com/note?n=Enu7cnq9f)
TODO create a link to a video (ie. vidmins.com/video?v=nq9f8hDf)
TODO create a link to a video (ie. vidmins.com/directory?d=yq4GhD4f)
TODO create a link to a user (ie. vidmins.com/user?u=h78hrSr4)
TODO create a survey
TODO create survey playback - each survey query triggered on playback
TODO create a comment (a route it to the content creator)
TODO create a basic tag set
TODO allow new tags to be created
TODO enable group by tag
